{"C:\\Users\\Johnny Lai\\Desktop\\typescript\\node-ts-jest-mock-db-main\\migrations\\20220825080825_ticket.js": {"path":"C:\\Users\\Johnny Lai\\Desktop\\typescript\\node-ts-jest-mock-db-main\\migrations\\20220825080825_ticket.js","statementMap":{"0":{"start":{"line":5,"column":0},"end":{"line":14,"column":2}},"1":{"start":{"line":6,"column":4},"end":{"line":13,"column":6}},"2":{"start":{"line":7,"column":8},"end":{"line":7,"column":26}},"3":{"start":{"line":8,"column":8},"end":{"line":8,"column":63}},"4":{"start":{"line":9,"column":8},"end":{"line":9,"column":25}},"5":{"start":{"line":10,"column":8},"end":{"line":10,"column":35}},"6":{"start":{"line":11,"column":8},"end":{"line":11,"column":26}},"7":{"start":{"line":12,"column":8},"end":{"line":12,"column":39}},"8":{"start":{"line":20,"column":0},"end":{"line":22,"column":2}},"9":{"start":{"line":21,"column":4},"end":{"line":21,"column":42}}},"fnMap":{"0":{"name":"(anonymous_0)","decl":{"start":{"line":5,"column":13},"end":{"line":5,"column":14}},"loc":{"start":{"line":5,"column":28},"end":{"line":14,"column":1}},"line":5},"1":{"name":"(anonymous_1)","decl":{"start":{"line":6,"column":45},"end":{"line":6,"column":46}},"loc":{"start":{"line":6,"column":50},"end":{"line":13,"column":5}},"line":6},"2":{"name":"(anonymous_2)","decl":{"start":{"line":20,"column":15},"end":{"line":20,"column":16}},"loc":{"start":{"line":20,"column":30},"end":{"line":22,"column":1}},"line":20}},"branchMap":{},"s":{"0":1,"1":1,"2":1,"3":1,"4":1,"5":1,"6":1,"7":1,"8":1,"9":0},"f":{"0":1,"1":1,"2":0},"b":{},"inputSourceMap":null,"_coverageSchema":"1a1c01bbd47fc00a2c39e90264f33305004495a9","hash":"ec3e96a0f035266b41d252c501262c4da0fdd632"}
,"C:\\Users\\Johnny Lai\\Desktop\\typescript\\node-ts-jest-mock-db-main\\migrations\\20220825081202_draw.js": {"path":"C:\\Users\\Johnny Lai\\Desktop\\typescript\\node-ts-jest-mock-db-main\\migrations\\20220825081202_draw.js","statementMap":{"0":{"start":{"line":5,"column":0},"end":{"line":11,"column":2}},"1":{"start":{"line":6,"column":4},"end":{"line":10,"column":6}},"2":{"start":{"line":7,"column":8},"end":{"line":7,"column":26}},"3":{"start":{"line":8,"column":8},"end":{"line":8,"column":26}},"4":{"start":{"line":9,"column":8},"end":{"line":9,"column":32}},"5":{"start":{"line":17,"column":0},"end":{"line":19,"column":2}},"6":{"start":{"line":18,"column":4},"end":{"line":18,"column":40}}},"fnMap":{"0":{"name":"(anonymous_0)","decl":{"start":{"line":5,"column":13},"end":{"line":5,"column":14}},"loc":{"start":{"line":5,"column":28},"end":{"line":11,"column":1}},"line":5},"1":{"name":"(anonymous_1)","decl":{"start":{"line":6,"column":43},"end":{"line":6,"column":44}},"loc":{"start":{"line":6,"column":48},"end":{"line":10,"column":5}},"line":6},"2":{"name":"(anonymous_2)","decl":{"start":{"line":17,"column":15},"end":{"line":17,"column":16}},"loc":{"start":{"line":17,"column":30},"end":{"line":19,"column":1}},"line":17}},"branchMap":{},"s":{"0":1,"1":1,"2":1,"3":1,"4":1,"5":1,"6":0},"f":{"0":1,"1":1,"2":0},"b":{},"inputSourceMap":null,"_coverageSchema":"1a1c01bbd47fc00a2c39e90264f33305004495a9","hash":"20b8136144afdaa468b77417de0a0397bcdee21e"}
}
